<?xml version="1.0" encoding="UTF-8"?>
<!-- Generated by org.testng.reporters.JUnitReportReporter -->
<testsuite hostname="QD-YANFA-00050" name="com.my.testngstudy.TngTest3" tests="2" failures="0" timestamp="2 Sep 2016 02:38:45 GMT" time="0.015" errors="0">
  <testcase name="g3" time="0.003" classname="com.my.testngstudy.TngTest3"/>
  <testcase name="h3" time="0.012" classname="com.my.testngstudy.TngTest3"/>
</testsuite> <!-- com.my.testngstudy.TngTest3 -->
